<?xml version="1.0" encoding="UTF-8"?>
<!-- Generated by org.testng.reporters.JUnitReportReporter -->
<testsuite hostname="Suyasha_Masand" failures="0" tests="1" name="jenkins.Demo" time="0.013" errors="0" timestamp="2023-12-17T13:28:41 IST" skipped="0">
  <testcase classname="jenkins.Demo" name="demo1" time="0.013"/>
  <system-out>
    <![CDATA[hello world]]>
  </system-out>
</testsuite> <!-- jenkins.Demo -->
